<?xml version="1.0" encoding="UTF-8"?>
<!-- Generated by org.testng.reporters.JUnitReportReporter -->
<testsuite hostname="dell-Latitude-3510" failures="0" tests="2" name="com.amazon.tests.LoginTest" time="13.116" errors="0" timestamp="2025-06-23T19:39:40 IST" skipped="0">
  <testcase classname="com.amazon.tests.LoginTest" name="Search" time="6.376"/>
  <testcase classname="com.amazon.tests.LoginTest" name="LoginAmazon" time="6.740"/>
</testsuite> <!-- com.amazon.tests.LoginTest -->
