<?xml version="1.0" encoding="UTF-8"?>
<!-- Generated by org.testng.reporters.JUnitReportReporter -->
<testsuite hostname="dell-Latitude-3510" failures="0" tests="2" name="com.amazon.tests.LoginTest" time="11.519" errors="0" timestamp="2025-06-23T23:24:02 IST" skipped="0">
  <testcase classname="com.amazon.tests.LoginTest" name="Search" time="6.639"/>
  <system-out/>
  <testcase classname="com.amazon.tests.LoginTest" name="LoginAmazon" time="4.880"/>
  <system-out/>
</testsuite> <!-- com.amazon.tests.LoginTest -->
