<?xml version="1.0" encoding="UTF-8"?>
<!-- Generated by org.testng.reporters.JUnitReportReporter -->
<testsuite hostname="dell-Latitude-3510" failures="0" tests="1" name="com.amazon.tests.LoginTest" time="5.872" errors="0" timestamp="2025-06-19T14:32:36 IST" skipped="0">
  <testcase classname="com.amazon.tests.LoginTest" name="LoginAmazon" time="5.872"/>
  <system-out/>
</testsuite> <!-- com.amazon.tests.LoginTest -->
